<?xml version="1.0" encoding="utf-8"?><testsuites name="pytest tests"><testsuite name="pytest" errors="0" failures="0" skipped="0" tests="42" time="4.430" timestamp="2026-03-29T16:14:40.849285+00:00" hostname="agent-env-3ce8036c-82b5-498c-97cc-d4ad16f32b46"><testcase classname="tests.test_api_endpoints.TestSignalsAPI" name="test_get_signals_returns_200" time="0.503" /><testcase classname="tests.test_api_endpoints.TestSignalsAPI" name="test_get_signals_returns_list" time="0.136" /><testcase classname="tests.test_api_endpoints.TestSignalsAPI" name="test_signals_no_mongodb_id" time="0.164" /><testcase classname="tests.test_api_endpoints.TestSignalsAPI" name="test_signals_have_required_fields" time="0.136" /><testcase classname="tests.test_api_endpoints.TestEntriesAPI" name="test_get_entries_returns_200" time="0.159" /><testcase classname="tests.test_api_endpoints.TestEntriesAPI" name="test_get_entries_returns_list" time="0.138" /><testcase classname="tests.test_api_endpoints.TestEntriesAPI" name="test_entries_no_mongodb_id" time="0.187" /><testcase classname="tests.test_api_endpoints.TestEntriesAPI" name="test_entries_have_required_fields" time="0.153" /><testcase classname="tests.test_api_endpoints.TestEntriesStatsAPI" name="test_get_entries_stats_returns_200" time="0.348" /><testcase classname="tests.test_api_endpoints.TestEntriesStatsAPI" name="test_entries_stats_has_required_fields" time="0.340" /><testcase classname="tests.test_api_endpoints.TestEntriesStatsAPI" name="test_entries_stats_values_are_numbers" time="0.322" /><testcase classname="tests.test_api_endpoints.TestEntriesStatsAPI" name="test_entries_stats_win_rate_valid" time="0.315" /><testcase classname="tests.test_api_endpoints.TestChartsAPI" name="test_get_existing_chart_returns_200" time="0.149" /><testcase classname="tests.test_api_endpoints.TestChartsAPI" name="test_get_existing_chart_returns_image" time="0.159" /><testcase classname="tests.test_api_endpoints.TestChartsAPI" name="test_get_nonexistent_chart_returns_404" time="0.112" /><testcase classname="tests.test_api_endpoints.TestRootAPI" name="test_root_returns_200" time="0.119" /><testcase classname="tests.test_api_endpoints.TestRootAPI" name="test_root_returns_message" time="0.103" /><testcase classname="tests.test_candle_patterns.TestBullishPatterns" name="test_detect_hammer" time="0.001" /><testcase classname="tests.test_candle_patterns.TestBullishPatterns" name="test_detect_bullish_engulfing" time="0.001" /><testcase classname="tests.test_candle_patterns.TestBullishPatterns" name="test_detect_morning_star" time="0.001" /><testcase classname="tests.test_candle_patterns.TestBullishPatterns" name="test_detect_bullish_pin_bar" time="0.001" /><testcase classname="tests.test_candle_patterns.TestBullishPatterns" name="test_detect_bullish_doji" time="0.001" /><testcase classname="tests.test_candle_patterns.TestBearishPatterns" name="test_detect_shooting_star" time="0.001" /><testcase classname="tests.test_candle_patterns.TestBearishPatterns" name="test_detect_bearish_engulfing" time="0.000" /><testcase classname="tests.test_candle_patterns.TestBearishPatterns" name="test_detect_evening_star" time="0.001" /><testcase classname="tests.test_candle_patterns.TestBearishPatterns" name="test_detect_bearish_pin_bar" time="0.000" /><testcase classname="tests.test_candle_patterns.TestBearishPatterns" name="test_detect_bearish_doji" time="0.000" /><testcase classname="tests.test_candle_patterns.TestDirectionFiltering" name="test_long_only_gets_bullish_patterns" time="0.000" /><testcase classname="tests.test_candle_patterns.TestDirectionFiltering" name="test_short_only_gets_bearish_patterns" time="0.000" /><testcase classname="tests.test_candle_patterns.TestEdgeCases" name="test_no_pattern_on_neutral_candle" time="0.000" /><testcase classname="tests.test_candle_patterns.TestEdgeCases" name="test_insufficient_candles_for_multi_candle_patterns" time="0.000" /><testcase classname="tests.test_entry_monitor_logic.TestDCA4TriggerLogic" name="test_short_triggers_when_price_above_dca4" time="0.000" /><testcase classname="tests.test_entry_monitor_logic.TestDCA4TriggerLogic" name="test_long_triggers_when_price_below_dca4" time="0.000" /><testcase classname="tests.test_entry_monitor_logic.TestDCA4TriggerLogic" name="test_tolerance_allows_near_dca4_triggers" time="0.000" /><testcase classname="tests.test_entry_monitor_logic.TestFormatFunctions" name="test_format_dca4_reached_short" time="0.292" /><testcase classname="tests.test_entry_monitor_logic.TestFormatFunctions" name="test_format_dca4_reached_long" time="0.000" /><testcase classname="tests.test_entry_monitor_logic.TestFormatFunctions" name="test_format_confirmed_entry_short" time="0.001" /><testcase classname="tests.test_entry_monitor_logic.TestFormatFunctions" name="test_format_confirmed_entry_long" time="0.000" /><testcase classname="tests.test_entry_monitor_logic.TestTPSLLogic" name="test_short_tp_hit_when_price_falls" time="0.000" /><testcase classname="tests.test_entry_monitor_logic.TestTPSLLogic" name="test_short_sl_hit_when_price_rises" time="0.001" /><testcase classname="tests.test_entry_monitor_logic.TestTPSLLogic" name="test_long_tp_hit_when_price_rises" time="0.000" /><testcase classname="tests.test_entry_monitor_logic.TestTPSLLogic" name="test_long_sl_hit_when_price_falls" time="0.001" /></testsuite></testsuites>